C:\Program Files (x86)\Microsoft Visual Studio\2017\Enterprise\Common7\IDE\VC\VCTargets\Microsoft.CppBuild.targets(391,5): warning MSB8028: The intermediate directory (Debug\) contains files shared from another project (04-Collision.vcxproj).  This can lead to incorrect clean and rebuild behavior.
  BackGround.cpp
  Brick.cpp
  Fire.cpp
  GameObject.cpp
  Goomba.cpp
  Simon.cpp
  main.cpp
d:\2019-2020 hki\doangame\04-collision\main.cpp(51): warning C4005: 'SIMON_ANI_IDLE_RIGHT': macro redefinition
  d:\2019-2020 hki\doangame\04-collision\simon.h(24): note: see previous definition of 'SIMON_ANI_IDLE_RIGHT'
d:\2019-2020 hki\doangame\04-collision\main.cpp(52): warning C4005: 'SIMON_ANI_IDLE_LEFT': macro redefinition
  d:\2019-2020 hki\doangame\04-collision\simon.h(25): note: see previous definition of 'SIMON_ANI_IDLE_LEFT'
d:\2019-2020 hki\doangame\04-collision\main.cpp(57): warning C4005: 'SIMON_ANI_ATTACT_LEFT': macro redefinition
  d:\2019-2020 hki\doangame\04-collision\simon.h(30): note: see previous definition of 'SIMON_ANI_ATTACT_LEFT'
d:\2019-2020 hki\doangame\04-collision\main.cpp(58): warning C4005: 'SIMON_ANI_ATTACT_RIGHT': macro redefinition
  d:\2019-2020 hki\doangame\04-collision\simon.h(31): note: see previous definition of 'SIMON_ANI_ATTACT_RIGHT'
d:\2019-2020 hki\doangame\04-collision\main.cpp(279): warning C4018: '<': signed/unsigned mismatch
d:\2019-2020 hki\doangame\04-collision\main.cpp(284): warning C4018: '<': signed/unsigned mismatch
d:\2019-2020 hki\doangame\04-collision\main.cpp(304): warning C4018: '<': signed/unsigned mismatch
  Generating Code...
  04-Collision.vcxproj -> D:\2019-2020 HKI\DoAnGame\Debug\castlevania.exe
